{"/home/jelli/Dev/Repos/w3/prototype/packages/client-js/src/Web3API.ts": {"path":"/home/jelli/Dev/Repos/w3/prototype/packages/client-js/src/Web3API.ts","statementMap":{"0":{"start":{"line":1,"column":0},"end":{"line":1,"column":null}},"1":{"start":{"line":6,"column":0},"end":{"line":6,"column":40}},"2":{"start":{"line":14,"column":0},"end":{"line":14,"column":48}},"3":{"start":{"line":15,"column":0},"end":{"line":15,"column":null}},"4":{"start":{"line":21,"column":0},"end":{"line":21,"column":27}},"5":{"start":{"line":34,"column":0},"end":{"line":34,"column":13}},"6":{"start":{"line":45,"column":22},"end":{"line":45,"column":45}},"7":{"start":{"line":47,"column":4},"end":{"line":47,"column":34}},"8":{"start":{"line":50,"column":9},"end":{"line":59,"column":null}},"9":{"start":{"line":51,"column":4},"end":{"line":53,"column":null}},"10":{"start":{"line":52,"column":6},"end":{"line":52,"column":99}},"11":{"start":{"line":55,"column":4},"end":{"line":55,"column":27}},"12":{"start":{"line":56,"column":4},"end":{"line":56,"column":26}},"13":{"start":{"line":57,"column":4},"end":{"line":57,"column":31}},"14":{"start":{"line":58,"column":4},"end":{"line":58,"column":29}},"15":{"start":{"line":61,"column":9},"end":{"line":65,"column":null}},"16":{"start":{"line":64,"column":4},"end":{"line":64,"column":38}},"17":{"start":{"line":67,"column":9},"end":{"line":71,"column":null}},"18":{"start":{"line":70,"column":4},"end":{"line":70,"column":40}},"19":{"start":{"line":73,"column":15},"end":{"line":87,"column":null}},"20":{"start":{"line":74,"column":4},"end":{"line":76,"column":null}},"21":{"start":{"line":75,"column":6},"end":{"line":75,"column":23}},"22":{"start":{"line":78,"column":10},"end":{"line":78,"column":29}},"23":{"start":{"line":80,"column":8},"end":{"line":80,"column":16}},"24":{"start":{"line":81,"column":6},"end":{"line":81,"column":11}},"25":{"start":{"line":81,"column":18},"end":{"line":81,"column":55}},"26":{"start":{"line":81,"column":6},"end":{"line":81,"column":55}},"27":{"start":{"line":83,"column":6},"end":{"line":83,"column":22}},"28":{"start":{"line":86,"column":4},"end":{"line":86,"column":21}},"29":{"start":{"line":89,"column":15},"end":{"line":117,"column":null}},"30":{"start":{"line":90,"column":4},"end":{"line":92,"column":null}},"31":{"start":{"line":91,"column":6},"end":{"line":91,"column":28}},"32":{"start":{"line":94,"column":12},"end":{"line":94,"column":24}},"33":{"start":{"line":95,"column":16},"end":{"line":95,"column":null}},"34":{"start":{"line":95,"column":10},"end":{"line":95,"column":null}},"35":{"start":{"line":98,"column":25},"end":{"line":98,"column":null}},"36":{"start":{"line":98,"column":10},"end":{"line":98,"column":null}},"37":{"start":{"line":100,"column":29},"end":{"line":100,"column":null}},"38":{"start":{"line":100,"column":21},"end":{"line":100,"column":29}},"39":{"start":{"line":101,"column":14},"end":{"line":101,"column":42}},"40":{"start":{"line":103,"column":10},"end":{"line":103,"column":15}},"41":{"start":{"line":105,"column":28},"end":{"line":105,"column":null}},"42":{"start":{"line":105,"column":14},"end":{"line":105,"column":null}},"43":{"start":{"line":106,"column":8},"end":{"line":106,"column":76}},"44":{"start":{"line":108,"column":8},"end":{"line":110,"column":null}},"45":{"start":{"line":109,"column":10},"end":{"line":109,"column":70}},"46":{"start":{"line":112,"column":8},"end":{"line":112,"column":30}},"47":{"start":{"line":116,"column":4},"end":{"line":116,"column":57}},"48":{"start":{"line":119,"column":15},"end":{"line":171,"column":null}},"49":{"start":{"line":120,"column":4},"end":{"line":122,"column":null}},"50":{"start":{"line":121,"column":6},"end":{"line":121,"column":26}},"51":{"start":{"line":124,"column":12},"end":{"line":124,"column":24}},"52":{"start":{"line":127,"column":21},"end":{"line":127,"column":null}},"53":{"start":{"line":127,"column":10},"end":{"line":127,"column":null}},"54":{"start":{"line":130,"column":22},"end":{"line":132,"column":null}},"55":{"start":{"line":130,"column":10},"end":{"line":132,"column":null}},"56":{"start":{"line":135,"column":4},"end":{"line":135,"column":42}},"57":{"start":{"line":138,"column":4},"end":{"line":141,"column":null}},"58":{"start":{"line":139,"column":12},"end":{"line":139,"column":76}},"59":{"start":{"line":140,"column":6},"end":{"line":140,"column":53}},"60":{"start":{"line":143,"column":10},"end":{"line":143,"column":56}},"61":{"start":{"line":144,"column":10},"end":{"line":144,"column":50}},"62":{"start":{"line":148,"column":4},"end":{"line":157,"column":null}},"63":{"start":{"line":149,"column":6},"end":{"line":151,"column":null}},"64":{"start":{"line":150,"column":8},"end":{"line":150,"column":96}},"65":{"start":{"line":153,"column":6},"end":{"line":156,"column":8}},"66":{"start":{"line":159,"column":4},"end":{"line":168,"column":null}},"67":{"start":{"line":160,"column":6},"end":{"line":162,"column":null}},"68":{"start":{"line":161,"column":8},"end":{"line":161,"column":94}},"69":{"start":{"line":164,"column":6},"end":{"line":167,"column":8}},"70":{"start":{"line":170,"column":4},"end":{"line":170,"column":24}},"71":{"start":{"line":174,"column":15},"end":{"line":176,"column":null}},"72":{"start":{"line":175,"column":4},"end":{"line":175,"column":29}},"73":{"start":{"line":178,"column":15},"end":{"line":212,"column":null}},"74":{"start":{"line":179,"column":12},"end":{"line":179,"column":24}},"75":{"start":{"line":180,"column":10},"end":{"line":180,"column":33}},"76":{"start":{"line":182,"column":4},"end":{"line":184,"column":null}},"77":{"start":{"line":183,"column":6},"end":{"line":183,"column":75}},"78":{"start":{"line":186,"column":4},"end":{"line":188,"column":null}},"79":{"start":{"line":187,"column":6},"end":{"line":187,"column":34}},"80":{"start":{"line":190,"column":10},"end":{"line":190,"column":40}},"81":{"start":{"line":192,"column":8},"end":{"line":192,"column":11}},"82":{"start":{"line":194,"column":6},"end":{"line":196,"column":null}},"83":{"start":{"line":195,"column":8},"end":{"line":195,"column":53}},"84":{"start":{"line":199,"column":13},"end":{"line":199,"column":49}},"85":{"start":{"line":199,"column":6},"end":{"line":199,"column":49}},"86":{"start":{"line":200,"column":15},"end":{"line":200,"column":18}},"87":{"start":{"line":202,"column":21},"end":{"line":202,"column":null}},"88":{"start":{"line":202,"column":12},"end":{"line":202,"column":null}},"89":{"start":{"line":204,"column":6},"end":{"line":208,"column":9}},"90":{"start":{"line":210,"column":6},"end":{"line":210,"column":71}},"91":{"start":{"line":214,"column":10},"end":{"line":240,"column":null}},"92":{"start":{"line":214,"column":2},"end":{"line":214,"column":10}},"93":{"start":{"line":215,"column":19},"end":{"line":215,"column":41}},"94":{"start":{"line":216,"column":23},"end":{"line":216,"column":42}},"95":{"start":{"line":219,"column":6},"end":{"line":238,"column":null}},"96":{"start":{"line":219,"column":68},"end":{"line":238,"column":null}},"97":{"start":{"line":220,"column":16},"end":{"line":220,"column":28}},"98":{"start":{"line":221,"column":21},"end":{"line":223,"column":null}},"99":{"start":{"line":221,"column":14},"end":{"line":223,"column":null}},"100":{"start":{"line":225,"column":23},"end":{"line":228,"column":16}},"101":{"start":{"line":227,"column":31},"end":{"line":227,"column":52}},"102":{"start":{"line":225,"column":14},"end":{"line":228,"column":null}},"103":{"start":{"line":230,"column":14},"end":{"line":230,"column":47}},"104":{"start":{"line":232,"column":8},"end":{"line":234,"column":null}},"105":{"start":{"line":233,"column":10},"end":{"line":233,"column":64}},"106":{"start":{"line":237,"column":8},"end":{"line":237,"column":41}},"107":{"start":{"line":218,"column":4},"end":{"line":239,"column":null}},"108":{"start":{"line":218,"column":28},"end":{"line":218,"column":38}},"109":{"start":{"line":218,"column":24},"end":{"line":218,"column":28}},"110":{"start":{"line":218,"column":15},"end":{"line":218,"column":28}},"111":{"start":{"line":241,"column":0},"end":{"line":241,"column":null}},"112":{"start":{"line":34,"column":13},"end":{"line":34,"column":20}}},"fnMap":{"0":{"name":"(anonymous_21)","decl":{"start":{"line":34,"column":0},"end":{"line":34,"column":13}},"loc":{"start":{"line":34,"column":0},"end":{"line":241,"column":null}}},"1":{"name":"Web3API","decl":{"start":{"line":45,"column":2},"end":{"line":45,"column":22}},"loc":{"start":{"line":45,"column":45},"end":{"line":48,"column":3}}},"2":{"name":"(anonymous_23)","decl":{"start":{"line":50,"column":2},"end":{"line":50,"column":9}},"loc":{"start":{"line":50,"column":27},"end":{"line":59,"column":3}}},"3":{"name":"(anonymous_24)","decl":{"start":{"line":61,"column":2},"end":{"line":61,"column":9}},"loc":{"start":{"line":62,"column":11},"end":{"line":65,"column":3}}},"4":{"name":"(anonymous_25)","decl":{"start":{"line":67,"column":2},"end":{"line":67,"column":9}},"loc":{"start":{"line":68,"column":32},"end":{"line":71,"column":3}}},"5":{"name":"(anonymous_26)","decl":{"start":{"line":73,"column":2},"end":{"line":73,"column":15}},"loc":{"start":{"line":73,"column":2},"end":{"line":87,"column":null}}},"6":{"name":"(anonymous_29)","decl":{"start":{"line":89,"column":2},"end":{"line":89,"column":15}},"loc":{"start":{"line":89,"column":2},"end":{"line":117,"column":null}}},"7":{"name":"(anonymous_32)","decl":{"start":{"line":119,"column":2},"end":{"line":119,"column":15}},"loc":{"start":{"line":119,"column":2},"end":{"line":171,"column":null}}},"8":{"name":"(anonymous_35)","decl":{"start":{"line":174,"column":2},"end":{"line":174,"column":15}},"loc":{"start":{"line":174,"column":2},"end":{"line":176,"column":null}}},"9":{"name":"(anonymous_38)","decl":{"start":{"line":178,"column":2},"end":{"line":178,"column":15}},"loc":{"start":{"line":178,"column":33},"end":{"line":212,"column":null}}},"10":{"name":"(anonymous_41)","decl":{"start":{"line":214,"column":2},"end":{"line":214,"column":10}},"loc":{"start":{"line":214,"column":83},"end":{"line":240,"column":3}}},"11":{"name":"(anonymous_43)","decl":{"start":{"line":219,"column":34},"end":{"line":219,"column":41}},"loc":{"start":{"line":219,"column":68},"end":{"line":238,"column":null}}},"12":{"name":"(anonymous_44)","decl":{"start":{"line":219,"column":68},"end":{"line":219,"column":null}},"loc":{"start":{"line":219,"column":68},"end":{"line":238,"column":null}}},"13":{"name":"(anonymous_46)","decl":{"start":{"line":227,"column":25},"end":{"line":227,"column":31}},"loc":{"start":{"line":227,"column":25},"end":{"line":227,"column":50}}}},"branchMap":{"0":{"loc":{"start":{"line":51,"column":4},"end":{"line":53,"column":null}},"type":"if","locations":[{"start":{"line":51,"column":4},"end":{"line":53,"column":null}},{"start":{"line":51,"column":4},"end":{"line":53,"column":null}}]},"1":{"loc":{"start":{"line":51,"column":8},"end":{"line":51,"column":24}},"type":"binary-expr","locations":[{"start":{"line":51,"column":8},"end":{"line":51,"column":24}},{"start":{"line":51,"column":28},"end":{"line":51,"column":54}}]},"2":{"loc":{"start":{"line":86,"column":4},"end":{"line":86,"column":21}},"type":"switch","locations":[{"start":{"line":86,"column":4},"end":{"line":86,"column":21}}]},"3":{"loc":{"start":{"line":74,"column":4},"end":{"line":76,"column":null}},"type":"if","locations":[{"start":{"line":74,"column":4},"end":{"line":76,"column":null}},{"start":{"line":74,"column":4},"end":{"line":76,"column":null}}]},"4":{"loc":{"start":{"line":80,"column":8},"end":{"line":80,"column":16}},"type":"if","locations":[{"start":{"line":80,"column":8},"end":{"line":80,"column":16}},{"start":{"line":80,"column":8},"end":{"line":80,"column":16}}]},"5":{"loc":{"start":{"line":116,"column":4},"end":{"line":116,"column":57}},"type":"switch","locations":[{"start":{"line":116,"column":4},"end":{"line":116,"column":57}}]},"6":{"loc":{"start":{"line":90,"column":4},"end":{"line":92,"column":null}},"type":"if","locations":[{"start":{"line":90,"column":4},"end":{"line":92,"column":null}},{"start":{"line":90,"column":4},"end":{"line":92,"column":null}}]},"7":{"loc":{"start":{"line":103,"column":10},"end":{"line":103,"column":15}},"type":"if","locations":[{"start":{"line":103,"column":10},"end":{"line":103,"column":15}},{"start":{"line":103,"column":10},"end":{"line":103,"column":15}}]},"8":{"loc":{"start":{"line":103,"column":10},"end":{"line":103,"column":21}},"type":"binary-expr","locations":[{"start":{"line":103,"column":10},"end":{"line":103,"column":21}},{"start":{"line":103,"column":25},"end":{"line":103,"column":40}},{"start":{"line":104,"column":10},"end":{"line":104,"column":33}},{"start":{"line":104,"column":37},"end":{"line":104,"column":59}}]},"9":{"loc":{"start":{"line":108,"column":8},"end":{"line":110,"column":null}},"type":"if","locations":[{"start":{"line":108,"column":8},"end":{"line":110,"column":null}},{"start":{"line":108,"column":8},"end":{"line":110,"column":null}}]},"10":{"loc":{"start":{"line":120,"column":4},"end":{"line":122,"column":null}},"type":"if","locations":[{"start":{"line":120,"column":4},"end":{"line":122,"column":null}},{"start":{"line":120,"column":4},"end":{"line":122,"column":null}}]},"11":{"loc":{"start":{"line":138,"column":4},"end":{"line":141,"column":null}},"type":"if","locations":[{"start":{"line":138,"column":4},"end":{"line":141,"column":null}},{"start":{"line":138,"column":4},"end":{"line":141,"column":null}}]},"12":{"loc":{"start":{"line":148,"column":4},"end":{"line":157,"column":null}},"type":"if","locations":[{"start":{"line":148,"column":4},"end":{"line":157,"column":null}},{"start":{"line":148,"column":4},"end":{"line":157,"column":null}}]},"13":{"loc":{"start":{"line":149,"column":6},"end":{"line":151,"column":null}},"type":"if","locations":[{"start":{"line":149,"column":6},"end":{"line":151,"column":null}},{"start":{"line":149,"column":6},"end":{"line":151,"column":null}}]},"14":{"loc":{"start":{"line":159,"column":4},"end":{"line":168,"column":null}},"type":"if","locations":[{"start":{"line":159,"column":4},"end":{"line":168,"column":null}},{"start":{"line":159,"column":4},"end":{"line":168,"column":null}}]},"15":{"loc":{"start":{"line":160,"column":6},"end":{"line":162,"column":null}},"type":"if","locations":[{"start":{"line":160,"column":6},"end":{"line":162,"column":null}},{"start":{"line":160,"column":6},"end":{"line":162,"column":null}}]},"16":{"loc":{"start":{"line":175,"column":4},"end":{"line":175,"column":29}},"type":"switch","locations":[{"start":{"line":175,"column":4},"end":{"line":175,"column":29}}]},"17":{"loc":{"start":{"line":210,"column":6},"end":{"line":210,"column":71}},"type":"switch","locations":[{"start":{"line":210,"column":6},"end":{"line":210,"column":71}}]},"18":{"loc":{"start":{"line":182,"column":4},"end":{"line":184,"column":null}},"type":"if","locations":[{"start":{"line":182,"column":4},"end":{"line":184,"column":null}},{"start":{"line":182,"column":4},"end":{"line":184,"column":null}}]},"19":{"loc":{"start":{"line":186,"column":4},"end":{"line":188,"column":null}},"type":"if","locations":[{"start":{"line":186,"column":4},"end":{"line":188,"column":null}},{"start":{"line":186,"column":4},"end":{"line":188,"column":null}}]},"20":{"loc":{"start":{"line":192,"column":8},"end":{"line":192,"column":11}},"type":"if","locations":[{"start":{"line":192,"column":8},"end":{"line":192,"column":11}},{"start":{"line":192,"column":8},"end":{"line":192,"column":11}}]},"21":{"loc":{"start":{"line":192,"column":8},"end":{"line":192,"column":39}},"type":"binary-expr","locations":[{"start":{"line":192,"column":8},"end":{"line":192,"column":39}},{"start":{"line":193,"column":8},"end":{"line":193,"column":43}}]},"22":{"loc":{"start":{"line":194,"column":6},"end":{"line":196,"column":null}},"type":"if","locations":[{"start":{"line":194,"column":6},"end":{"line":196,"column":null}},{"start":{"line":194,"column":6},"end":{"line":196,"column":null}}]},"23":{"loc":{"start":{"line":200,"column":15},"end":{"line":200,"column":18}},"type":"if","locations":[{"start":{"line":200,"column":15},"end":{"line":200,"column":18}},{"start":{"line":200,"column":15},"end":{"line":200,"column":18}}]},"24":{"loc":{"start":{"line":232,"column":8},"end":{"line":234,"column":null}},"type":"if","locations":[{"start":{"line":232,"column":8},"end":{"line":234,"column":null}},{"start":{"line":232,"column":8},"end":{"line":234,"column":null}}]}},"s":{"0":1,"1":1,"2":1,"3":1,"4":1,"5":1,"6":3,"7":3,"8":1,"9":3,"10":0,"11":3,"12":3,"13":3,"14":3,"15":1,"16":0,"17":1,"18":0,"19":1,"20":3,"21":0,"22":3,"23":3,"24":3,"25":3,"26":3,"27":0,"28":0,"29":1,"30":2,"31":0,"32":2,"33":2,"34":2,"35":0,"36":0,"37":0,"38":0,"39":0,"40":0,"41":0,"42":0,"43":0,"44":0,"45":0,"46":0,"47":0,"48":1,"49":1,"50":0,"51":1,"52":1,"53":1,"54":0,"55":0,"56":0,"57":0,"58":0,"59":0,"60":0,"61":0,"62":0,"63":0,"64":0,"65":0,"66":0,"67":0,"68":0,"69":0,"70":0,"71":1,"72":0,"73":1,"74":0,"75":0,"76":0,"77":0,"78":0,"79":0,"80":0,"81":0,"82":0,"83":0,"84":0,"85":0,"86":0,"87":0,"88":0,"89":0,"90":0,"91":1,"92":0,"93":0,"94":0,"95":0,"96":0,"97":0,"98":0,"99":0,"100":0,"101":0,"102":0,"103":0,"104":0,"105":0,"106":0,"107":0,"108":0,"109":0,"110":0,"111":1,"112":1},"f":{"0":1,"1":3,"2":3,"3":0,"4":0,"5":3,"6":2,"7":1,"8":0,"9":0,"10":0,"11":0,"12":0,"13":0},"b":{"0":[0,3],"1":[3,0],"2":[0],"3":[0,3],"4":[0,3],"5":[0],"6":[0,2],"7":[0,0],"8":[0,0,0,0],"9":[0,0],"10":[0,1],"11":[0,0],"12":[0,0],"13":[0,0],"14":[0,0],"15":[0,0],"16":[0],"17":[0],"18":[0,0],"19":[0,0],"20":[0,0],"21":[0,0],"22":[0,0],"23":[0,0],"24":[0,0]}}
,"/home/jelli/Dev/Repos/w3/prototype/packages/client-js/src/index.ts": {"path":"/home/jelli/Dev/Repos/w3/prototype/packages/client-js/src/index.ts","statementMap":{"0":{"start":{"line":1,"column":0},"end":{"line":1,"column":25}},"1":{"start":{"line":2,"column":0},"end":{"line":2,"column":25}}},"fnMap":{},"branchMap":{},"s":{"0":1,"1":1},"f":{},"b":{}}
,"/home/jelli/Dev/Repos/w3/prototype/packages/client-js/src/host/index.ts": {"path":"/home/jelli/Dev/Repos/w3/prototype/packages/client-js/src/host/index.ts","statementMap":{"0":{"start":{"line":1,"column":0},"end":{"line":1,"column":40}},"1":{"start":{"line":6,"column":30},"end":{"line":6,"column":33}},"2":{"start":{"line":8,"column":2},"end":{"line":10,"column":null}},"3":{"start":{"line":9,"column":4},"end":{"line":9,"column":69}},"4":{"start":{"line":12,"column":2},"end":{"line":12,"column":17}},"5":{"start":{"line":5,"column":0},"end":{"line":5,"column":16}}},"fnMap":{"0":{"name":"getHostImports","decl":{"start":{"line":5,"column":16},"end":{"line":5,"column":30}},"loc":{"start":{"line":5,"column":76},"end":{"line":13,"column":1}}}},"branchMap":{"0":{"loc":{"start":{"line":8,"column":2},"end":{"line":10,"column":null}},"type":"if","locations":[{"start":{"line":8,"column":2},"end":{"line":10,"column":null}},{"start":{"line":8,"column":2},"end":{"line":10,"column":null}}]}},"s":{"0":1,"1":0,"2":0,"3":0,"4":0,"5":1},"f":{"0":0},"b":{"0":[0,0]}}
,"/home/jelli/Dev/Repos/w3/prototype/packages/client-js/src/host/ipfs.ts": {"path":"/home/jelli/Dev/Repos/w3/prototype/packages/client-js/src/host/ipfs.ts","statementMap":{"0":{"start":{"line":11,"column":0},"end":{"line":11,"column":16}},"1":{"start":{"line":12,"column":2},"end":{"line":36,"column":null}},"2":{"start":{"line":13,"column":40},"end":{"line":23,"column":null}},"3":{"start":{"line":14,"column":12},"end":{"line":14,"column":33}},"4":{"start":{"line":15,"column":12},"end":{"line":18,"column":null}},"5":{"start":{"line":20,"column":12},"end":{"line":20,"column":52}},"6":{"start":{"line":21,"column":22},"end":{"line":21,"column":null}},"7":{"start":{"line":21,"column":14},"end":{"line":21,"column":22}},"8":{"start":{"line":22,"column":6},"end":{"line":22,"column":53}},"9":{"start":{"line":24,"column":39},"end":{"line":35,"column":null}},"10":{"start":{"line":25,"column":12},"end":{"line":25,"column":33}},"11":{"start":{"line":26,"column":12},"end":{"line":30,"column":null}},"12":{"start":{"line":32,"column":12},"end":{"line":32,"column":38}},"13":{"start":{"line":33,"column":23},"end":{"line":33,"column":34}},"14":{"start":{"line":33,"column":34},"end":{"line":33,"column":62}},"15":{"start":{"line":33,"column":12},"end":{"line":33,"column":null}},"16":{"start":{"line":34,"column":6},"end":{"line":34,"column":57}}},"fnMap":{"0":{"name":"getIpfsImports","decl":{"start":{"line":11,"column":16},"end":{"line":11,"column":30}},"loc":{"start":{"line":11,"column":69},"end":{"line":37,"column":1}}},"1":{"name":"(anonymous_14)","decl":{"start":{"line":13,"column":18},"end":{"line":13,"column":25}},"loc":{"start":{"line":13,"column":40},"end":{"line":23,"column":null}}},"2":{"name":"(anonymous_15)","decl":{"start":{"line":13,"column":40},"end":{"line":13,"column":null}},"loc":{"start":{"line":13,"column":40},"end":{"line":23,"column":null}}},"3":{"name":"(anonymous_17)","decl":{"start":{"line":24,"column":18},"end":{"line":24,"column":25}},"loc":{"start":{"line":24,"column":39},"end":{"line":35,"column":null}}},"4":{"name":"(anonymous_18)","decl":{"start":{"line":24,"column":39},"end":{"line":24,"column":null}},"loc":{"start":{"line":24,"column":39},"end":{"line":35,"column":null}}}},"branchMap":{},"s":{"0":1,"1":0,"2":0,"3":0,"4":0,"5":0,"6":0,"7":0,"8":0,"9":0,"10":0,"11":0,"12":0,"13":0,"14":0,"15":0,"16":0},"f":{"0":0,"1":0,"2":0,"3":0,"4":0},"b":{}}
,"/home/jelli/Dev/Repos/w3/prototype/packages/client-js/src/portals/Ethereum.ts": {"path":"/home/jelli/Dev/Repos/w3/prototype/packages/client-js/src/portals/Ethereum.ts","statementMap":{"0":{"start":{"line":1,"column":0},"end":{"line":1,"column":40}},"1":{"start":{"line":2,"column":0},"end":{"line":2,"column":null}},"2":{"start":{"line":7,"column":0},"end":{"line":7,"column":52}},"3":{"start":{"line":8,"column":0},"end":{"line":8,"column":46}},"4":{"start":{"line":23,"column":0},"end":{"line":23,"column":13}},"5":{"start":{"line":28,"column":22},"end":{"line":28,"column":46}},"6":{"start":{"line":29,"column":38},"end":{"line":29,"column":46}},"7":{"start":{"line":32,"column":4},"end":{"line":32,"column":66}},"8":{"start":{"line":35,"column":4},"end":{"line":37,"column":null}},"9":{"start":{"line":36,"column":6},"end":{"line":36,"column":23}},"10":{"start":{"line":40,"column":9},"end":{"line":52,"column":null}},"11":{"start":{"line":41,"column":4},"end":{"line":41,"column":37}},"12":{"start":{"line":43,"column":4},"end":{"line":47,"column":null}},"13":{"start":{"line":44,"column":6},"end":{"line":44,"column":51}},"14":{"start":{"line":46,"column":6},"end":{"line":46,"column":48}},"15":{"start":{"line":49,"column":4},"end":{"line":51,"column":null}},"16":{"start":{"line":50,"column":6},"end":{"line":50,"column":29}},"17":{"start":{"line":54,"column":9},"end":{"line":70,"column":null}},"18":{"start":{"line":55,"column":4},"end":{"line":69,"column":null}},"19":{"start":{"line":56,"column":6},"end":{"line":56,"column":47}},"20":{"start":{"line":57,"column":11},"end":{"line":69,"column":null}},"21":{"start":{"line":58,"column":6},"end":{"line":58,"column":35}},"22":{"start":{"line":60,"column":6},"end":{"line":66,"column":null}},"23":{"start":{"line":61,"column":8},"end":{"line":65,"column":null}},"24":{"start":{"line":68,"column":6},"end":{"line":68,"column":35}},"25":{"start":{"line":72,"column":9},"end":{"line":74,"column":null}},"26":{"start":{"line":73,"column":4},"end":{"line":73,"column":39}},"27":{"start":{"line":76,"column":9},"end":{"line":90,"column":null}},"28":{"start":{"line":77,"column":23},"end":{"line":77,"column":36}},"29":{"start":{"line":79,"column":4},"end":{"line":81,"column":null}},"30":{"start":{"line":80,"column":6},"end":{"line":80,"column":68}},"31":{"start":{"line":83,"column":4},"end":{"line":89,"column":null}},"32":{"start":{"line":84,"column":6},"end":{"line":84,"column":44}},"33":{"start":{"line":85,"column":11},"end":{"line":89,"column":null}},"34":{"start":{"line":86,"column":6},"end":{"line":86,"column":20}},"35":{"start":{"line":88,"column":6},"end":{"line":88,"column":91}},"36":{"start":{"line":92,"column":9},"end":{"line":94,"column":null}},"37":{"start":{"line":93,"column":4},"end":{"line":93,"column":63}},"38":{"start":{"line":96,"column":15},"end":{"line":136,"column":null}},"39":{"start":{"line":97,"column":10},"end":{"line":97,"column":88}},"40":{"start":{"line":98,"column":10},"end":{"line":100,"column":6}},"41":{"start":{"line":101,"column":10},"end":{"line":104,"column":6}},"42":{"start":{"line":105,"column":10},"end":{"line":105,"column":61}},"43":{"start":{"line":106,"column":10},"end":{"line":106,"column":53}},"44":{"start":{"line":109,"column":28},"end":{"line":109,"column":null}},"45":{"start":{"line":109,"column":10},"end":{"line":109,"column":null}},"46":{"start":{"line":111,"column":10},"end":{"line":111,"column":76}},"47":{"start":{"line":116,"column":13},"end":{"line":116,"column":60}},"48":{"start":{"line":116,"column":6},"end":{"line":116,"column":60}},"49":{"start":{"line":120,"column":15},"end":{"line":120,"column":58}},"50":{"start":{"line":120,"column":8},"end":{"line":120,"column":58}},"51":{"start":{"line":123,"column":8},"end":{"line":123,"column":79}},"52":{"start":{"line":127,"column":4},"end":{"line":129,"column":null}},"53":{"start":{"line":128,"column":6},"end":{"line":128,"column":null}},"54":{"start":{"line":131,"column":4},"end":{"line":135,"column":null}},"55":{"start":{"line":132,"column":6},"end":{"line":132,"column":63}},"56":{"start":{"line":134,"column":6},"end":{"line":134,"column":58}},"57":{"start":{"line":138,"column":16},"end":{"line":140,"column":null}},"58":{"start":{"line":139,"column":4},"end":{"line":139,"column":44}},"59":{"start":{"line":141,"column":0},"end":{"line":141,"column":null}},"60":{"start":{"line":23,"column":13},"end":{"line":23,"column":21}}},"fnMap":{"0":{"name":"(anonymous_13)","decl":{"start":{"line":23,"column":0},"end":{"line":23,"column":13}},"loc":{"start":{"line":23,"column":0},"end":{"line":141,"column":null}}},"1":{"name":"Ethereum","decl":{"start":{"line":28,"column":2},"end":{"line":28,"column":22}},"loc":{"start":{"line":28,"column":46},"end":{"line":38,"column":3}}},"2":{"name":"(anonymous_15)","decl":{"start":{"line":40,"column":2},"end":{"line":40,"column":9}},"loc":{"start":{"line":40,"column":72},"end":{"line":52,"column":3}}},"3":{"name":"(anonymous_16)","decl":{"start":{"line":54,"column":2},"end":{"line":54,"column":9}},"loc":{"start":{"line":54,"column":41},"end":{"line":70,"column":3}}},"4":{"name":"(anonymous_17)","decl":{"start":{"line":72,"column":2},"end":{"line":72,"column":9}},"loc":{"start":{"line":72,"column":28},"end":{"line":74,"column":3}}},"5":{"name":"(anonymous_18)","decl":{"start":{"line":76,"column":2},"end":{"line":76,"column":9}},"loc":{"start":{"line":76,"column":2},"end":{"line":90,"column":3}}},"6":{"name":"(anonymous_19)","decl":{"start":{"line":92,"column":2},"end":{"line":92,"column":9}},"loc":{"start":{"line":92,"column":52},"end":{"line":94,"column":3}}},"7":{"name":"(anonymous_20)","decl":{"start":{"line":96,"column":2},"end":{"line":96,"column":15}},"loc":{"start":{"line":96,"column":38},"end":{"line":136,"column":null}}},"8":{"name":"(anonymous_23)","decl":{"start":{"line":138,"column":2},"end":{"line":138,"column":16}},"loc":{"start":{"line":138,"column":42},"end":{"line":140,"column":3}}}},"branchMap":{"0":{"loc":{"start":{"line":32,"column":54},"end":{"line":32,"column":60}},"type":"cond-expr","locations":[{"start":{"line":32,"column":54},"end":{"line":32,"column":60}},{"start":{"line":32,"column":63},"end":{"line":32,"column":64}}]},"1":{"loc":{"start":{"line":35,"column":4},"end":{"line":37,"column":null}},"type":"if","locations":[{"start":{"line":35,"column":4},"end":{"line":37,"column":null}},{"start":{"line":35,"column":4},"end":{"line":37,"column":null}}]},"2":{"loc":{"start":{"line":43,"column":4},"end":{"line":47,"column":null}},"type":"if","locations":[{"start":{"line":43,"column":4},"end":{"line":47,"column":null}},{"start":{"line":43,"column":4},"end":{"line":47,"column":null}}]},"3":{"loc":{"start":{"line":49,"column":4},"end":{"line":51,"column":null}},"type":"if","locations":[{"start":{"line":49,"column":4},"end":{"line":51,"column":null}},{"start":{"line":49,"column":4},"end":{"line":51,"column":null}}]},"4":{"loc":{"start":{"line":55,"column":4},"end":{"line":69,"column":null}},"type":"if","locations":[{"start":{"line":55,"column":4},"end":{"line":69,"column":null}},{"start":{"line":55,"column":4},"end":{"line":69,"column":null}}]},"5":{"loc":{"start":{"line":57,"column":11},"end":{"line":69,"column":null}},"type":"if","locations":[{"start":{"line":57,"column":11},"end":{"line":69,"column":null}},{"start":{"line":57,"column":11},"end":{"line":69,"column":null}}]},"6":{"loc":{"start":{"line":60,"column":6},"end":{"line":66,"column":null}},"type":"if","locations":[{"start":{"line":60,"column":6},"end":{"line":66,"column":null}},{"start":{"line":60,"column":6},"end":{"line":66,"column":null}}]},"7":{"loc":{"start":{"line":79,"column":4},"end":{"line":81,"column":null}},"type":"if","locations":[{"start":{"line":79,"column":4},"end":{"line":81,"column":null}},{"start":{"line":79,"column":4},"end":{"line":81,"column":null}}]},"8":{"loc":{"start":{"line":83,"column":4},"end":{"line":89,"column":null}},"type":"if","locations":[{"start":{"line":83,"column":4},"end":{"line":89,"column":null}},{"start":{"line":83,"column":4},"end":{"line":89,"column":null}}]},"9":{"loc":{"start":{"line":83,"column":8},"end":{"line":83,"column":34}},"type":"binary-expr","locations":[{"start":{"line":83,"column":8},"end":{"line":83,"column":34}},{"start":{"line":83,"column":38},"end":{"line":83,"column":64}}]},"10":{"loc":{"start":{"line":85,"column":11},"end":{"line":89,"column":null}},"type":"if","locations":[{"start":{"line":85,"column":11},"end":{"line":89,"column":null}},{"start":{"line":85,"column":11},"end":{"line":89,"column":null}}]},"11":{"loc":{"start":{"line":97,"column":23},"end":{"line":97,"column":39}},"type":"binary-expr","locations":[{"start":{"line":97,"column":23},"end":{"line":97,"column":39}},{"start":{"line":97,"column":43},"end":{"line":97,"column":87}}]},"12":{"loc":{"start":{"line":127,"column":4},"end":{"line":129,"column":null}},"type":"if","locations":[{"start":{"line":127,"column":4},"end":{"line":129,"column":null}},{"start":{"line":127,"column":4},"end":{"line":129,"column":null}}]},"13":{"loc":{"start":{"line":131,"column":4},"end":{"line":135,"column":null}},"type":"if","locations":[{"start":{"line":131,"column":4},"end":{"line":135,"column":null}},{"start":{"line":131,"column":4},"end":{"line":135,"column":null}}]},"14":{"loc":{"start":{"line":131,"column":8},"end":{"line":131,"column":46}},"type":"binary-expr","locations":[{"start":{"line":131,"column":8},"end":{"line":131,"column":46}},{"start":{"line":131,"column":50},"end":{"line":131,"column":84}}]}},"s":{"0":1,"1":1,"2":1,"3":1,"4":1,"5":1,"6":3,"7":1,"8":1,"9":1,"10":1,"11":1,"12":1,"13":1,"14":0,"15":1,"16":1,"17":1,"18":1,"19":0,"20":1,"21":0,"22":0,"23":0,"24":1,"25":1,"26":1,"27":1,"28":6,"29":6,"30":0,"31":6,"32":6,"33":0,"34":0,"35":0,"36":1,"37":6,"38":1,"39":3,"40":3,"41":3,"42":3,"43":3,"44":3,"45":3,"46":3,"47":3,"48":3,"49":3,"50":3,"51":3,"52":0,"53":0,"54":0,"55":0,"56":0,"57":1,"58":3,"59":1,"60":1},"f":{"0":1,"1":1,"2":1,"3":1,"4":1,"5":6,"6":6,"7":3,"8":3},"b":{"0":[0,1],"1":[1,0],"2":[1,0],"3":[1,0],"4":[0,1],"5":[0,1],"6":[0,0],"7":[0,6],"8":[6,0],"9":[6,6],"10":[0,0],"11":[3,0],"12":[0,0],"13":[0,0],"14":[0,0]}}
,"/home/jelli/Dev/Repos/w3/prototype/packages/client-js/src/portals/IPFS.ts": {"path":"/home/jelli/Dev/Repos/w3/prototype/packages/client-js/src/portals/IPFS.ts","statementMap":{"0":{"start":{"line":1,"column":15},"end":{"line":1,"column":33}},"1":{"start":{"line":2,"column":19},"end":{"line":2,"column":46}},"2":{"start":{"line":9,"column":0},"end":{"line":9,"column":13}},"3":{"start":{"line":14,"column":22},"end":{"line":14,"column":42}},"4":{"start":{"line":15,"column":4},"end":{"line":15,"column":39}},"5":{"start":{"line":18,"column":9},"end":{"line":21,"column":null}},"6":{"start":{"line":19,"column":4},"end":{"line":19,"column":37}},"7":{"start":{"line":20,"column":4},"end":{"line":20,"column":42}},"8":{"start":{"line":23,"column":9},"end":{"line":28,"column":null}},"9":{"start":{"line":27,"column":4},"end":{"line":27,"column":32}},"10":{"start":{"line":30,"column":9},"end":{"line":32,"column":null}},"11":{"start":{"line":31,"column":4},"end":{"line":31,"column":31}},"12":{"start":{"line":34,"column":15},"end":{"line":36,"column":null}},"13":{"start":{"line":35,"column":12},"end":{"line":35,"column":40}},"14":{"start":{"line":35,"column":4},"end":{"line":35,"column":52}},"15":{"start":{"line":38,"column":15},"end":{"line":46,"column":null}},"16":{"start":{"line":39,"column":10},"end":{"line":39,"column":22}},"17":{"start":{"line":41,"column":30},"end":{"line":41,"column":null}},"18":{"start":{"line":41,"column":21},"end":{"line":41,"column":30}},"19":{"start":{"line":42,"column":6},"end":{"line":42,"column":25}},"20":{"start":{"line":45,"column":4},"end":{"line":45,"column":33}},"21":{"start":{"line":48,"column":9},"end":{"line":55,"column":null}},"22":{"start":{"line":54,"column":4},"end":{"line":54,"column":30}},"23":{"start":{"line":57,"column":16},"end":{"line":61,"column":null}},"24":{"start":{"line":58,"column":4},"end":{"line":60,"column":33}},"25":{"start":{"line":62,"column":0},"end":{"line":62,"column":null}},"26":{"start":{"line":9,"column":13},"end":{"line":9,"column":17}}},"fnMap":{"0":{"name":"(anonymous_20)","decl":{"start":{"line":9,"column":0},"end":{"line":9,"column":13}},"loc":{"start":{"line":9,"column":0},"end":{"line":62,"column":null}}},"1":{"name":"IPFS","decl":{"start":{"line":14,"column":2},"end":{"line":14,"column":22}},"loc":{"start":{"line":14,"column":42},"end":{"line":16,"column":3}}},"2":{"name":"(anonymous_22)","decl":{"start":{"line":18,"column":2},"end":{"line":18,"column":9}},"loc":{"start":{"line":18,"column":37},"end":{"line":21,"column":3}}},"3":{"name":"(anonymous_23)","decl":{"start":{"line":23,"column":2},"end":{"line":23,"column":9}},"loc":{"start":{"line":23,"column":29},"end":{"line":28,"column":3}}},"4":{"name":"(anonymous_24)","decl":{"start":{"line":30,"column":2},"end":{"line":30,"column":9}},"loc":{"start":{"line":30,"column":24},"end":{"line":32,"column":3}}},"5":{"name":"(anonymous_25)","decl":{"start":{"line":34,"column":2},"end":{"line":34,"column":15}},"loc":{"start":{"line":34,"column":38},"end":{"line":36,"column":null}}},"6":{"name":"(anonymous_28)","decl":{"start":{"line":38,"column":2},"end":{"line":38,"column":15}},"loc":{"start":{"line":38,"column":38},"end":{"line":46,"column":null}}},"7":{"name":"(anonymous_31)","decl":{"start":{"line":48,"column":2},"end":{"line":48,"column":9}},"loc":{"start":{"line":48,"column":23},"end":{"line":55,"column":3}}},"8":{"name":"(anonymous_32)","decl":{"start":{"line":57,"column":2},"end":{"line":57,"column":16}},"loc":{"start":{"line":57,"column":33},"end":{"line":61,"column":3}}}},"branchMap":{"0":{"loc":{"start":{"line":35,"column":12},"end":{"line":35,"column":40}},"type":"switch","locations":[{"start":{"line":35,"column":12},"end":{"line":35,"column":40}},{"start":{"line":35,"column":4},"end":{"line":35,"column":52}}]},"1":{"loc":{"start":{"line":45,"column":4},"end":{"line":45,"column":33}},"type":"switch","locations":[{"start":{"line":45,"column":4},"end":{"line":45,"column":33}}]},"2":{"loc":{"start":{"line":58,"column":11},"end":{"line":58,"column":27}},"type":"binary-expr","locations":[{"start":{"line":58,"column":11},"end":{"line":58,"column":27}},{"start":{"line":59,"column":11},"end":{"line":59,"column":31}},{"start":{"line":60,"column":11},"end":{"line":60,"column":32}}]}},"s":{"0":1,"1":1,"2":1,"3":1,"4":1,"5":1,"6":1,"7":1,"8":1,"9":0,"10":1,"11":0,"12":1,"13":0,"14":0,"15":1,"16":0,"17":0,"18":0,"19":0,"20":0,"21":1,"22":0,"23":1,"24":3,"25":1,"26":1},"f":{"0":1,"1":1,"2":1,"3":0,"4":0,"5":0,"6":0,"7":0,"8":3},"b":{"0":[0,0],"1":[0],"2":[3,3,3]}}
,"/home/jelli/Dev/Repos/w3/prototype/packages/client-js/src/portals/Subgraph.ts": {"path":"/home/jelli/Dev/Repos/w3/prototype/packages/client-js/src/portals/Subgraph.ts","statementMap":{"0":{"start":{"line":3,"column":0},"end":{"line":3,"column":51}},"1":{"start":{"line":4,"column":0},"end":{"line":4,"column":50}},"2":{"start":{"line":5,"column":0},"end":{"line":5,"column":32}},"3":{"start":{"line":11,"column":0},"end":{"line":11,"column":13}},"4":{"start":{"line":12,"column":22},"end":{"line":12,"column":46}},"5":{"start":{"line":14,"column":9},"end":{"line":22,"column":null}},"6":{"start":{"line":15,"column":17},"end":{"line":18,"column":6}},"7":{"start":{"line":19,"column":4},"end":{"line":21,"column":6}},"8":{"start":{"line":23,"column":0},"end":{"line":23,"column":null}},"9":{"start":{"line":11,"column":13},"end":{"line":11,"column":21}}},"fnMap":{"0":{"name":"(anonymous_1)","decl":{"start":{"line":11,"column":0},"end":{"line":11,"column":13}},"loc":{"start":{"line":11,"column":0},"end":{"line":23,"column":null}}},"1":{"name":"Subgraph","decl":{"start":{"line":12,"column":2},"end":{"line":12,"column":22}},"loc":{"start":{"line":12,"column":46},"end":{"line":12,"column":51}}},"2":{"name":"(anonymous_3)","decl":{"start":{"line":14,"column":2},"end":{"line":14,"column":9}},"loc":{"start":{"line":14,"column":27},"end":{"line":22,"column":3}}}},"branchMap":{},"s":{"0":1,"1":1,"2":1,"3":1,"4":1,"5":1,"6":0,"7":0,"8":1,"9":1},"f":{"0":1,"1":1,"2":0},"b":{}}
,"/home/jelli/Dev/Repos/w3/prototype/packages/client-js/src/portals/index.ts": {"path":"/home/jelli/Dev/Repos/w3/prototype/packages/client-js/src/portals/index.ts","statementMap":{"0":{"start":{"line":1,"column":0},"end":{"line":1,"column":27}},"1":{"start":{"line":2,"column":0},"end":{"line":2,"column":23}},"2":{"start":{"line":3,"column":0},"end":{"line":3,"column":27}}},"fnMap":{},"branchMap":{},"s":{"0":1,"1":1,"2":1},"f":{},"b":{}}
}
