TN:
SF:src/Web3API.ts
FN:34,(anonymous_21)
FN:45,Web3API
FN:50,(anonymous_23)
FN:61,(anonymous_24)
FN:67,(anonymous_25)
FN:73,(anonymous_26)
FN:89,(anonymous_29)
FN:119,(anonymous_32)
FN:174,(anonymous_35)
FN:178,(anonymous_38)
FN:214,(anonymous_41)
FN:219,(anonymous_43)
FN:219,(anonymous_44)
FN:227,(anonymous_46)
FNF:14
FNH:6
FNDA:1,(anonymous_21)
FNDA:3,Web3API
FNDA:3,(anonymous_23)
FNDA:0,(anonymous_24)
FNDA:0,(anonymous_25)
FNDA:3,(anonymous_26)
FNDA:2,(anonymous_29)
FNDA:1,(anonymous_32)
FNDA:0,(anonymous_35)
FNDA:0,(anonymous_38)
FNDA:0,(anonymous_41)
FNDA:0,(anonymous_43)
FNDA:0,(anonymous_44)
FNDA:0,(anonymous_46)
DA:1,1
DA:6,1
DA:14,1
DA:15,1
DA:21,1
DA:34,1
DA:45,3
DA:47,3
DA:50,1
DA:51,3
DA:52,0
DA:55,3
DA:56,3
DA:57,3
DA:58,3
DA:61,1
DA:64,0
DA:67,1
DA:70,0
DA:73,1
DA:74,3
DA:75,0
DA:78,3
DA:80,3
DA:81,3
DA:83,0
DA:86,0
DA:89,1
DA:90,2
DA:91,0
DA:94,2
DA:95,2
DA:98,0
DA:100,0
DA:101,0
DA:103,0
DA:105,0
DA:106,0
DA:108,0
DA:109,0
DA:112,0
DA:116,0
DA:119,1
DA:120,1
DA:121,0
DA:124,1
DA:127,1
DA:130,0
DA:135,0
DA:138,0
DA:139,0
DA:140,0
DA:143,0
DA:144,0
DA:148,0
DA:149,0
DA:150,0
DA:153,0
DA:159,0
DA:160,0
DA:161,0
DA:164,0
DA:170,0
DA:174,1
DA:175,0
DA:178,1
DA:179,0
DA:180,0
DA:182,0
DA:183,0
DA:186,0
DA:187,0
DA:190,0
DA:192,0
DA:194,0
DA:195,0
DA:199,0
DA:200,0
DA:202,0
DA:204,0
DA:210,0
DA:214,1
DA:215,0
DA:216,0
DA:218,0
DA:219,0
DA:220,0
DA:221,0
DA:225,0
DA:227,0
DA:230,0
DA:232,0
DA:233,0
DA:237,0
DA:241,1
LF:95
LH:33
BRDA:51,0,0,0
BRDA:51,0,1,3
BRDA:51,1,0,3
BRDA:51,1,1,0
BRDA:86,2,0,0
BRDA:74,3,0,0
BRDA:74,3,1,3
BRDA:80,4,0,0
BRDA:80,4,1,3
BRDA:116,5,0,0
BRDA:90,6,0,0
BRDA:90,6,1,2
BRDA:103,7,0,0
BRDA:103,7,1,0
BRDA:103,8,0,0
BRDA:103,8,1,0
BRDA:103,8,2,0
BRDA:103,8,3,0
BRDA:108,9,0,0
BRDA:108,9,1,0
BRDA:120,10,0,0
BRDA:120,10,1,1
BRDA:138,11,0,0
BRDA:138,11,1,0
BRDA:148,12,0,0
BRDA:148,12,1,0
BRDA:149,13,0,0
BRDA:149,13,1,0
BRDA:159,14,0,0
BRDA:159,14,1,0
BRDA:160,15,0,0
BRDA:160,15,1,0
BRDA:175,16,0,0
BRDA:210,17,0,0
BRDA:182,18,0,0
BRDA:182,18,1,0
BRDA:186,19,0,0
BRDA:186,19,1,0
BRDA:192,20,0,0
BRDA:192,20,1,0
BRDA:192,21,0,0
BRDA:192,21,1,0
BRDA:194,22,0,0
BRDA:194,22,1,0
BRDA:200,23,0,0
BRDA:200,23,1,0
BRDA:232,24,0,0
BRDA:232,24,1,0
BRF:48
BRH:6
end_of_record
TN:
SF:src/index.ts
FNF:0
FNH:0
DA:1,1
DA:2,1
LF:2
LH:2
BRF:0
BRH:0
end_of_record
TN:
SF:src/host/index.ts
FN:5,getHostImports
FNF:1
FNH:0
FNDA:0,getHostImports
DA:1,1
DA:5,1
DA:6,0
DA:8,0
DA:9,0
DA:12,0
LF:6
LH:2
BRDA:8,0,0,0
BRDA:8,0,1,0
BRF:2
BRH:0
end_of_record
TN:
SF:src/host/ipfs.ts
FN:11,getIpfsImports
FN:13,(anonymous_14)
FN:13,(anonymous_15)
FN:24,(anonymous_17)
FN:24,(anonymous_18)
FNF:5
FNH:0
FNDA:0,getIpfsImports
FNDA:0,(anonymous_14)
FNDA:0,(anonymous_15)
FNDA:0,(anonymous_17)
FNDA:0,(anonymous_18)
DA:11,1
DA:12,0
DA:13,0
DA:14,0
DA:15,0
DA:20,0
DA:21,0
DA:22,0
DA:24,0
DA:25,0
DA:26,0
DA:32,0
DA:33,0
DA:34,0
LF:14
LH:1
BRF:0
BRH:0
end_of_record
TN:
SF:src/portals/Ethereum.ts
FN:23,(anonymous_13)
FN:28,Ethereum
FN:40,(anonymous_15)
FN:54,(anonymous_16)
FN:72,(anonymous_17)
FN:76,(anonymous_18)
FN:92,(anonymous_19)
FN:96,(anonymous_20)
FN:138,(anonymous_23)
FNF:9
FNH:9
FNDA:1,(anonymous_13)
FNDA:1,Ethereum
FNDA:1,(anonymous_15)
FNDA:1,(anonymous_16)
FNDA:1,(anonymous_17)
FNDA:6,(anonymous_18)
FNDA:6,(anonymous_19)
FNDA:3,(anonymous_20)
FNDA:3,(anonymous_23)
DA:1,1
DA:2,1
DA:7,1
DA:8,1
DA:23,1
DA:28,1
DA:29,3
DA:32,1
DA:35,1
DA:36,1
DA:40,1
DA:41,1
DA:43,1
DA:44,1
DA:46,0
DA:49,1
DA:50,1
DA:54,1
DA:55,1
DA:56,0
DA:57,1
DA:58,0
DA:60,0
DA:61,0
DA:68,1
DA:72,1
DA:73,1
DA:76,1
DA:77,6
DA:79,6
DA:80,0
DA:83,6
DA:84,6
DA:85,0
DA:86,0
DA:88,0
DA:92,1
DA:93,6
DA:96,1
DA:97,3
DA:98,3
DA:101,3
DA:105,3
DA:106,3
DA:109,3
DA:111,3
DA:116,3
DA:120,3
DA:123,3
DA:127,0
DA:128,0
DA:131,0
DA:132,0
DA:134,0
DA:138,1
DA:139,3
DA:141,1
LF:57
LH:43
BRDA:32,0,0,0
BRDA:32,0,1,1
BRDA:35,1,0,1
BRDA:35,1,1,0
BRDA:43,2,0,1
BRDA:43,2,1,0
BRDA:49,3,0,1
BRDA:49,3,1,0
BRDA:55,4,0,0
BRDA:55,4,1,1
BRDA:57,5,0,0
BRDA:57,5,1,1
BRDA:60,6,0,0
BRDA:60,6,1,0
BRDA:79,7,0,0
BRDA:79,7,1,6
BRDA:83,8,0,6
BRDA:83,8,1,0
BRDA:83,9,0,6
BRDA:83,9,1,6
BRDA:85,10,0,0
BRDA:85,10,1,0
BRDA:97,11,0,3
BRDA:97,11,1,0
BRDA:127,12,0,0
BRDA:127,12,1,0
BRDA:131,13,0,0
BRDA:131,13,1,0
BRDA:131,14,0,0
BRDA:131,14,1,0
BRF:30
BRH:11
end_of_record
TN:
SF:src/portals/IPFS.ts
FN:9,(anonymous_20)
FN:14,IPFS
FN:18,(anonymous_22)
FN:23,(anonymous_23)
FN:30,(anonymous_24)
FN:34,(anonymous_25)
FN:38,(anonymous_28)
FN:48,(anonymous_31)
FN:57,(anonymous_32)
FNF:9
FNH:4
FNDA:1,(anonymous_20)
FNDA:1,IPFS
FNDA:1,(anonymous_22)
FNDA:0,(anonymous_23)
FNDA:0,(anonymous_24)
FNDA:0,(anonymous_25)
FNDA:0,(anonymous_28)
FNDA:0,(anonymous_31)
FNDA:3,(anonymous_32)
DA:1,1
DA:2,1
DA:9,1
DA:14,1
DA:15,1
DA:18,1
DA:19,1
DA:20,1
DA:23,1
DA:27,0
DA:30,1
DA:31,0
DA:34,1
DA:35,0
DA:38,1
DA:39,0
DA:41,0
DA:42,0
DA:45,0
DA:48,1
DA:54,0
DA:57,1
DA:58,3
DA:62,1
LF:24
LH:16
BRDA:35,0,0,0
BRDA:35,0,1,0
BRDA:45,1,0,0
BRDA:58,2,0,3
BRDA:58,2,1,3
BRDA:58,2,2,3
BRF:6
BRH:3
end_of_record
TN:
SF:src/portals/Subgraph.ts
FN:11,(anonymous_1)
FN:12,Subgraph
FN:14,(anonymous_3)
FNF:3
FNH:2
FNDA:1,(anonymous_1)
FNDA:1,Subgraph
FNDA:0,(anonymous_3)
DA:3,1
DA:4,1
DA:5,1
DA:11,1
DA:12,1
DA:14,1
DA:15,0
DA:19,0
DA:23,1
LF:9
LH:7
BRF:0
BRH:0
end_of_record
TN:
SF:src/portals/index.ts
FNF:0
FNH:0
DA:1,1
DA:2,1
DA:3,1
LF:3
LH:3
BRF:0
BRH:0
end_of_record
